# JRE version: OpenJDK Runtime Environment (8.0_212-b04) (build 1.8.0_212-release-1586-b04)
# Java VM: OpenJDK 64-Bit Server VM (25.212-b04 mixed mode windows-amd64 compressed oops)
Heap:
 PSYoungGen      total 85504K, used 16984K [0x00000000e0000000, 0x00000000e6080000, 0x0000000100000000)
  eden space 72704K, 5% used [0x00000000e0000000,0x00000000e0419438,0x00000000e4700000)
  from space 12800K, 99% used [0x00000000e4700000,0x00000000e537cf10,0x00000000e5380000)
  to   space 11776K, 0% used [0x00000000e5380000,0x00000000e5380000,0x00000000e5f00000)
 ParOldGen       total 65536K, used 17682K [0x00000000a0000000, 0x00000000a4000000, 0x00000000e0000000)
  object space 65536K, 26% used [0x00000000a0000000,0x00000000a1144ab0,0x00000000a4000000)
 Metaspace       used 50268K, capacity 51802K, committed 52096K, reserved 1095680K
  class space    used 6831K, capacity 7216K, committed 7296K, reserved 1048576K
GC Heap History (10 events):
Event: 7.184 GC heap before
{Heap before GC invocations=12 (full 2):
 PSYoungGen      total 75776K, used 71283K [0x00000000e0000000, 0x00000000e5f00000, 0x0000000100000000)
  eden space 64000K, 100% used [0x00000000e0000000,0x00000000e3e80000,0x00000000e3e80000)
  from space 11776K, 61% used [0x00000000e3e80000,0x00000000e459cec8,0x00000000e4a00000)
  to   space 11776K, 0% used [0x00000000e5380000,0x00000000e5380000,0x00000000e5f00000)
 ParOldGen       total 65536K, used 8633K [0x00000000a0000000, 0x00000000a4000000, 0x00000000e0000000)
  object space 65536K, 13% used [0x00000000a0000000,0x00000000a086e5f0,0x00000000a4000000)
 Metaspace       used 34784K, capacity 35730K, committed 35840K, reserved 1081344K
  class space    used 4789K, capacity 5046K, committed 5120K, reserved 1048576K
Event: 7.192 GC heap after
Heap after GC invocations=12 (full 2):
 PSYoungGen      total 84480K, used 10218K [0x00000000e0000000, 0x00000000e6080000, 0x0000000100000000)
  eden space 72704K, 0% used [0x00000000e0000000,0x00000000e0000000,0x00000000e4700000)
  from space 11776K, 86% used [0x00000000e5380000,0x00000000e5d7a960,0x00000000e5f00000)
  to   space 12800K, 0% used [0x00000000e4700000,0x00000000e4700000,0x00000000e5380000)
 ParOldGen       total 65536K, used 8641K [0x00000000a0000000, 0x00000000a4000000, 0x00000000e0000000)
  object space 65536K, 13% used [0x00000000a0000000,0x00000000a08705f0,0x00000000a4000000)
 Metaspace       used 34784K, capacity 35730K, committed 35840K, reserved 1081344K
  class space    used 4789K, capacity 5046K, committed 5120K, reserved 1048576K
}
Event: 7.425 GC heap before
{Heap before GC invocations=13 (full 2):
 PSYoungGen      total 84480K, used 25943K [0x00000000e0000000, 0x00000000e6080000, 0x0000000100000000)
  eden space 72704K, 21% used [0x00000000e0000000,0x00000000e0f5b2d8,0x00000000e4700000)
  from space 11776K, 86% used [0x00000000e5380000,0x00000000e5d7a960,0x00000000e5f00000)
  to   space 12800K, 0% used [0x00000000e4700000,0x00000000e4700000,0x00000000e5380000)
 ParOldGen       total 65536K, used 8641K [0x00000000a0000000, 0x00000000a4000000, 0x00000000e0000000)
  object space 65536K, 13% used [0x00000000a0000000,0x00000000a08705f0,0x00000000a4000000)
 Metaspace       used 37082K, capacity 38122K, committed 38400K, reserved 1083392K
  class space    used 5095K, capacity 5373K, committed 5376K, reserved 1048576K
Event: 7.431 GC heap after
Heap after GC invocations=13 (full 2):
 PSYoungGen      total 85504K, used 9894K [0x00000000e0000000, 0x00000000e6080000, 0x0000000100000000)
  eden space 72704K, 0% used [0x00000000e0000000,0x00000000e0000000,0x00000000e4700000)
  from space 12800K, 77% used [0x00000000e4700000,0x00000000e50a9830,0x00000000e5380000)
  to   space 11776K, 0% used [0x00000000e5380000,0x00000000e5380000,0x00000000e5f00000)
 ParOldGen       total 65536K, used 8649K [0x00000000a0000000, 0x00000000a4000000, 0x00000000e0000000)
  object space 65536K, 13% used [0x00000000a0000000,0x00000000a08725f0,0x00000000a4000000)
 Metaspace       used 37082K, capacity 38122K, committed 38400K, reserved 1083392K
  class space    used 5095K, capacity 5373K, committed 5376K, reserved 1048576K
}
Event: 7.431 GC heap before
{Heap before GC invocations=14 (full 3):
 PSYoungGen      total 85504K, used 9894K [0x00000000e0000000, 0x00000000e6080000, 0x0000000100000000)
  eden space 72704K, 0% used [0x00000000e0000000,0x00000000e0000000,0x00000000e4700000)
  from space 12800K, 77% used [0x00000000e4700000,0x00000000e50a9830,0x00000000e5380000)
  to   space 11776K, 0% used [0x00000000e5380000,0x00000000e5380000,0x00000000e5f00000)
 ParOldGen       total 65536K, used 8649K [0x00000000a0000000, 0x00000000a4000000, 0x00000000e0000000)
  object space 65536K, 13% used [0x00000000a0000000,0x00000000a08725f0,0x00000000a4000000)
 Metaspace       used 37082K, capacity 38122K, committed 38400K, reserved 1083392K
  class space    used 5095K, capacity 5373K, committed 5376K, reserved 1048576K
Event: 7.523 GC heap after
Heap after GC invocations=14 (full 3):
 PSYoungGen      total 85504K, used 0K [0x00000000e0000000, 0x00000000e6080000, 0x0000000100000000)
  eden space 72704K, 0% used [0x00000000e0000000,0x00000000e0000000,0x00000000e4700000)
  from space 12800K, 0% used [0x00000000e4700000,0x00000000e4700000,0x00000000e5380000)
  to   space 11776K, 0% used [0x00000000e5380000,0x00000000e5380000,0x00000000e5f00000)
 ParOldGen       total 65536K, used 17414K [0x00000000a0000000, 0x00000000a4000000, 0x00000000e0000000)
  object space 65536K, 26% used [0x00000000a0000000,0x00000000a1101b48,0x00000000a4000000)
 Metaspace       used 37057K, capacity 38038K, committed 38400K, reserved 1083392K
  class space    used 5088K, capacity 5359K, committed 5376K, reserved 1048576K
}
Event: 8.294 GC heap before
{Heap before GC invocations=15 (full 3):
 PSYoungGen      total 85504K, used 72704K [0x00000000e0000000, 0x00000000e6080000, 0x0000000100000000)
  eden space 72704K, 100% used [0x00000000e0000000,0x00000000e4700000,0x00000000e4700000)
  from space 12800K, 0% used [0x00000000e4700000,0x00000000e4700000,0x00000000e5380000)
  to   space 11776K, 0% used [0x00000000e5380000,0x00000000e5380000,0x00000000e5f00000)
 ParOldGen       total 65536K, used 17414K [0x00000000a0000000, 0x00000000a4000000, 0x00000000e0000000)
  object space 65536K, 26% used [0x00000000a0000000,0x00000000a1101b48,0x00000000a4000000)
 Metaspace       used 43956K, capacity 45020K, committed 45440K, reserved 1089536K
  class space    used 5940K, capacity 6216K, committed 6272K, reserved 1048576K
Event: 8.300 GC heap after
Heap after GC invocations=15 (full 3):
 PSYoungGen      total 84480K, used 9570K [0x00000000e0000000, 0x00000000e6080000, 0x0000000100000000)
  eden space 72704K, 0% used [0x00000000e0000000,0x00000000e0000000,0x00000000e4700000)
  from space 11776K, 81% used [0x00000000e5380000,0x00000000e5cd8878,0x00000000e5f00000)
  to   space 12800K, 0% used [0x00000000e4700000,0x00000000e4700000,0x00000000e5380000)
 ParOldGen       total 65536K, used 17422K [0x00000000a0000000, 0x00000000a4000000, 0x00000000e0000000)
  object space 65536K, 26% used [0x00000000a0000000,0x00000000a1103b48,0x00000000a4000000)
 Metaspace       used 43956K, capacity 45020K, committed 45440K, reserved 1089536K
  class space    used 5940K, capacity 6216K, committed 6272K, reserved 1048576K
}
Event: 9.079 GC heap before
{Heap before GC invocations=16 (full 3):
 PSYoungGen      total 84480K, used 82274K [0x00000000e0000000, 0x00000000e6080000, 0x0000000100000000)
  eden space 72704K, 100% used [0x00000000e0000000,0x00000000e4700000,0x00000000e4700000)
  from space 11776K, 81% used [0x00000000e5380000,0x00000000e5cd8878,0x00000000e5f00000)
  to   space 12800K, 0% used [0x00000000e4700000,0x00000000e4700000,0x00000000e5380000)
 ParOldGen       total 65536K, used 17422K [0x00000000a0000000, 0x00000000a4000000, 0x00000000e0000000)
  object space 65536K, 26% used [0x00000000a0000000,0x00000000a1103b48,0x00000000a4000000)
 Metaspace       used 49811K, capacity 51236K, committed 51456K, reserved 1093632K
  class space    used 6729K, capacity 7115K, committed 7168K, reserved 1048576K
Event: 9.089 GC heap after
Heap after GC invocations=16 (full 3):
 PSYoungGen      total 85504K, used 12787K [0x00000000e0000000, 0x00000000e6080000, 0x0000000100000000)
  eden space 72704K, 0% used [0x00000000e0000000,0x00000000e0000000,0x00000000e4700000)
  from space 12800K, 99% used [0x00000000e4700000,0x00000000e537cf10,0x00000000e5380000)
  to   space 11776K, 0% used [0x00000000e5380000,0x00000000e5380000,0x00000000e5f00000)
 ParOldGen       total 65536K, used 17682K [0x00000000a0000000, 0x00000000a4000000, 0x00000000e0000000)
  object space 65536K, 26% used [0x00000000a0000000,0x00000000a1144ab0,0x00000000a4000000)
 Metaspace       used 49811K, capacity 51236K, committed 51456K, reserved 1093632K
  class space    used 6729K, capacity 7115K, committed 7168K, reserved 1048576K
}

