# JRE version: OpenJDK Runtime Environment (8.0_212-b04) (build 1.8.0_212-release-1586-b04)
# Java VM: OpenJDK 64-Bit Server VM (25.212-b04 mixed mode windows-amd64 compressed oops)
Heap:
 PSYoungGen      total 225792K, used 196880K [0x00000000e0000000, 0x00000000ef480000, 0x0000000100000000)
  eden space 204288K, 90% used [0x00000000e0000000,0x00000000eb40f9e0,0x00000000ec780000)
  from space 21504K, 58% used [0x00000000edf80000,0x00000000eebb4a00,0x00000000ef480000)
  to   space 23040K, 0% used [0x00000000ec780000,0x00000000ec780000,0x00000000ede00000)
 ParOldGen       total 198144K, used 52420K [0x00000000a0000000, 0x00000000ac180000, 0x00000000e0000000)
  object space 198144K, 26% used [0x00000000a0000000,0x00000000a3331168,0x00000000ac180000)
 Metaspace       used 94569K, capacity 101168K, committed 101568K, reserved 1138688K
  class space    used 11985K, capacity 13078K, committed 13248K, reserved 1048576K
GC Heap History (10 events):
Event: 14264.603 GC heap before
{Heap before GC invocations=74 (full 4):
 PSYoungGen      total 216576K, used 202047K [0x00000000e0000000, 0x00000000ee980000, 0x0000000100000000)
  eden space 196096K, 100% used [0x00000000e0000000,0x00000000ebf80000,0x00000000ebf80000)
  from space 20480K, 29% used [0x00000000ebf80000,0x00000000ec54fd78,0x00000000ed380000)
  to   space 20992K, 0% used [0x00000000ed500000,0x00000000ed500000,0x00000000ee980000)
 ParOldGen       total 198144K, used 52188K [0x00000000a0000000, 0x00000000ac180000, 0x00000000e0000000)
  object space 198144K, 26% used [0x00000000a0000000,0x00000000a32f7168,0x00000000ac180000)
 Metaspace       used 93542K, capacity 100092K, committed 100800K, reserved 1136640K
  class space    used 11901K, capacity 12998K, committed 13248K, reserved 1048576K
Event: 14264.620 GC heap after
Heap after GC invocations=74 (full 4):
 PSYoungGen      total 218624K, used 13455K [0x00000000e0000000, 0x00000000eee00000, 0x0000000100000000)
  eden space 197632K, 0% used [0x00000000e0000000,0x00000000e0000000,0x00000000ec100000)
  from space 20992K, 64% used [0x00000000ed500000,0x00000000ee223de0,0x00000000ee980000)
  to   space 20480K, 0% used [0x00000000ec100000,0x00000000ec100000,0x00000000ed500000)
 ParOldGen       total 198144K, used 52244K [0x00000000a0000000, 0x00000000ac180000, 0x00000000e0000000)
  object space 198144K, 26% used [0x00000000a0000000,0x00000000a3305168,0x00000000ac180000)
 Metaspace       used 93542K, capacity 100092K, committed 100800K, reserved 1136640K
  class space    used 11901K, capacity 12998K, committed 13248K, reserved 1048576K
}
Event: 14428.528 GC heap before
{Heap before GC invocations=75 (full 4):
 PSYoungGen      total 218624K, used 211087K [0x00000000e0000000, 0x00000000eee00000, 0x0000000100000000)
  eden space 197632K, 100% used [0x00000000e0000000,0x00000000ec100000,0x00000000ec100000)
  from space 20992K, 64% used [0x00000000ed500000,0x00000000ee223de0,0x00000000ee980000)
  to   space 20480K, 0% used [0x00000000ec100000,0x00000000ec100000,0x00000000ed500000)
 ParOldGen       total 198144K, used 52244K [0x00000000a0000000, 0x00000000ac180000, 0x00000000e0000000)
  object space 198144K, 26% used [0x00000000a0000000,0x00000000a3305168,0x00000000ac180000)
 Metaspace       used 93600K, capacity 100156K, committed 100800K, reserved 1136640K
  class space    used 11901K, capacity 12998K, committed 13248K, reserved 1048576K
Event: 14428.554 GC heap after
Heap after GC invocations=75 (full 4):
 PSYoungGen      total 218112K, used 13584K [0x00000000e0000000, 0x00000000eee80000, 0x0000000100000000)
  eden space 197632K, 0% used [0x00000000e0000000,0x00000000e0000000,0x00000000ec100000)
  from space 20480K, 66% used [0x00000000ec100000,0x00000000ece440f8,0x00000000ed500000)
  to   space 20480K, 0% used [0x00000000eda80000,0x00000000eda80000,0x00000000eee80000)
 ParOldGen       total 198144K, used 52276K [0x00000000a0000000, 0x00000000ac180000, 0x00000000e0000000)
  object space 198144K, 26% used [0x00000000a0000000,0x00000000a330d168,0x00000000ac180000)
 Metaspace       used 93600K, capacity 100156K, committed 100800K, reserved 1136640K
  class space    used 11901K, capacity 12998K, committed 13248K, reserved 1048576K
}
Event: 14581.692 GC heap before
{Heap before GC invocations=76 (full 4):
 PSYoungGen      total 218112K, used 211216K [0x00000000e0000000, 0x00000000eee80000, 0x0000000100000000)
  eden space 197632K, 100% used [0x00000000e0000000,0x00000000ec100000,0x00000000ec100000)
  from space 20480K, 66% used [0x00000000ec100000,0x00000000ece440f8,0x00000000ed500000)
  to   space 20480K, 0% used [0x00000000eda80000,0x00000000eda80000,0x00000000eee80000)
 ParOldGen       total 198144K, used 52276K [0x00000000a0000000, 0x00000000ac180000, 0x00000000e0000000)
  object space 198144K, 26% used [0x00000000a0000000,0x00000000a330d168,0x00000000ac180000)
 Metaspace       used 93640K, capacity 100160K, committed 100800K, reserved 1136640K
  class space    used 11901K, capacity 12998K, committed 13248K, reserved 1048576K
Event: 14581.718 GC heap after
Heap after GC invocations=76 (full 4):
 PSYoungGen      total 222208K, used 19404K [0x00000000e0000000, 0x00000000ef000000, 0x0000000100000000)
  eden space 201728K, 0% used [0x00000000e0000000,0x00000000e0000000,0x00000000ec500000)
  from space 20480K, 94% used [0x00000000eda80000,0x00000000eed73340,0x00000000eee80000)
  to   space 22016K, 0% used [0x00000000ec500000,0x00000000ec500000,0x00000000eda80000)
 ParOldGen       total 198144K, used 52324K [0x00000000a0000000, 0x00000000ac180000, 0x00000000e0000000)
  object space 198144K, 26% used [0x00000000a0000000,0x00000000a3319168,0x00000000ac180000)
 Metaspace       used 93640K, capacity 100160K, committed 100800K, reserved 1136640K
  class space    used 11901K, capacity 12998K, committed 13248K, reserved 1048576K
}
Event: 14683.550 GC heap before
{Heap before GC invocations=77 (full 4):
 PSYoungGen      total 222208K, used 221132K [0x00000000e0000000, 0x00000000ef000000, 0x0000000100000000)
  eden space 201728K, 100% used [0x00000000e0000000,0x00000000ec500000,0x00000000ec500000)
  from space 20480K, 94% used [0x00000000eda80000,0x00000000eed73340,0x00000000eee80000)
  to   space 22016K, 0% used [0x00000000ec500000,0x00000000ec500000,0x00000000eda80000)
 ParOldGen       total 198144K, used 52324K [0x00000000a0000000, 0x00000000ac180000, 0x00000000e0000000)
  object space 198144K, 26% used [0x00000000a0000000,0x00000000a3319168,0x00000000ac180000)
 Metaspace       used 93657K, capacity 100160K, committed 100800K, reserved 1136640K
  class space    used 11901K, capacity 12998K, committed 13248K, reserved 1048576K
Event: 14683.592 GC heap after
Heap after GC invocations=77 (full 4):
 PSYoungGen      total 223744K, used 19468K [0x00000000e0000000, 0x00000000ef680000, 0x0000000100000000)
  eden space 201728K, 0% used [0x00000000e0000000,0x00000000e0000000,0x00000000ec500000)
  from space 22016K, 88% used [0x00000000ec500000,0x00000000ed8033e8,0x00000000eda80000)
  to   space 23552K, 0% used [0x00000000edf80000,0x00000000edf80000,0x00000000ef680000)
 ParOldGen       total 198144K, used 52380K [0x00000000a0000000, 0x00000000ac180000, 0x00000000e0000000)
  object space 198144K, 26% used [0x00000000a0000000,0x00000000a3327168,0x00000000ac180000)
 Metaspace       used 93657K, capacity 100160K, committed 100800K, reserved 1136640K
  class space    used 11901K, capacity 12998K, committed 13248K, reserved 1048576K
}
Event: 15070.233 GC heap before
{Heap before GC invocations=78 (full 4):
 PSYoungGen      total 223744K, used 221196K [0x00000000e0000000, 0x00000000ef680000, 0x0000000100000000)
  eden space 201728K, 100% used [0x00000000e0000000,0x00000000ec500000,0x00000000ec500000)
  from space 22016K, 88% used [0x00000000ec500000,0x00000000ed8033e8,0x00000000eda80000)
  to   space 23552K, 0% used [0x00000000edf80000,0x00000000edf80000,0x00000000ef680000)
 ParOldGen       total 198144K, used 52380K [0x00000000a0000000, 0x00000000ac180000, 0x00000000e0000000)
  object space 198144K, 26% used [0x00000000a0000000,0x00000000a3327168,0x00000000ac180000)
 Metaspace       used 93773K, capacity 100244K, committed 100800K, reserved 1136640K
  class space    used 11909K, capacity 13012K, committed 13248K, reserved 1048576K
Event: 15070.251 GC heap after
Heap after GC invocations=78 (full 4):
 PSYoungGen      total 225792K, used 12498K [0x00000000e0000000, 0x00000000ef480000, 0x0000000100000000)
  eden space 204288K, 0% used [0x00000000e0000000,0x00000000e0000000,0x00000000ec780000)
  from space 21504K, 58% used [0x00000000edf80000,0x00000000eebb4a00,0x00000000ef480000)
  to   space 23040K, 0% used [0x00000000ec780000,0x00000000ec780000,0x00000000ede00000)
 ParOldGen       total 198144K, used 52420K [0x00000000a0000000, 0x00000000ac180000, 0x00000000e0000000)
  object space 198144K, 26% used [0x00000000a0000000,0x00000000a3331168,0x00000000ac180000)
 Metaspace       used 93773K, capacity 100244K, committed 100800K, reserved 1136640K
  class space    used 11909K, capacity 13012K, committed 13248K, reserved 1048576K
}

