# JRE version: OpenJDK Runtime Environment (8.0_212-b04) (build 1.8.0_212-release-1586-b04)
# Java VM: OpenJDK 64-Bit Server VM (25.212-b04 mixed mode windows-amd64 compressed oops)
Heap:
 PSYoungGen      total 226816K, used 82564K [0x00000000e0000000, 0x00000000f1500000, 0x0000000100000000)
  eden space 203776K, 29% used [0x00000000e0000000,0x00000000e3a21f10,0x00000000ec700000)
  from space 23040K, 99% used [0x00000000efe80000,0x00000000f14ff1c0,0x00000000f1500000)
  to   space 22528K, 0% used [0x00000000ec700000,0x00000000ec700000,0x00000000edd00000)
 ParOldGen       total 138752K, used 106206K [0x00000000a0000000, 0x00000000a8780000, 0x00000000e0000000)
  object space 138752K, 76% used [0x00000000a0000000,0x00000000a67b7bc0,0x00000000a8780000)
 Metaspace       used 82071K, capacity 86028K, committed 86168K, reserved 1124352K
  class space    used 11055K, capacity 11863K, committed 11944K, reserved 1048576K
GC Heap History (10 events):
Event: 13.655 GC heap before
{Heap before GC invocations=15 (full 3):
 PSYoungGen      total 193024K, used 6371K [0x00000000e0000000, 0x00000000ed180000, 0x0000000100000000)
  eden space 175616K, 0% used [0x00000000e0000000,0x00000000e0000000,0x00000000eab80000)
  from space 17408K, 36% used [0x00000000ebc00000,0x00000000ec238fc8,0x00000000ecd00000)
  to   space 16896K, 0% used [0x00000000eab80000,0x00000000eab80000,0x00000000ebc00000)
 ParOldGen       total 90624K, used 35941K [0x00000000a0000000, 0x00000000a5880000, 0x00000000e0000000)
  object space 90624K, 39% used [0x00000000a0000000,0x00000000a2319590,0x00000000a5880000)
 Metaspace       used 56952K, capacity 59088K, committed 59160K, reserved 1099776K
  class space    used 7938K, capacity 8416K, committed 8488K, reserved 1048576K
Event: 13.976 GC heap after
Heap after GC invocations=15 (full 3):
 PSYoungGen      total 193024K, used 0K [0x00000000e0000000, 0x00000000ed180000, 0x0000000100000000)
  eden space 175616K, 0% used [0x00000000e0000000,0x00000000e0000000,0x00000000eab80000)
  from space 17408K, 0% used [0x00000000ebc00000,0x00000000ebc00000,0x00000000ecd00000)
  to   space 16896K, 0% used [0x00000000eab80000,0x00000000eab80000,0x00000000ebc00000)
 ParOldGen       total 138752K, used 36255K [0x00000000a0000000, 0x00000000a8780000, 0x00000000e0000000)
  object space 138752K, 26% used [0x00000000a0000000,0x00000000a2367f98,0x00000000a8780000)
 Metaspace       used 56919K, capacity 58974K, committed 59160K, reserved 1099776K
  class space    used 7928K, capacity 8397K, committed 8488K, reserved 1048576K
}
Event: 18.690 GC heap before
{Heap before GC invocations=16 (full 3):
 PSYoungGen      total 193024K, used 175616K [0x00000000e0000000, 0x00000000ed180000, 0x0000000100000000)
  eden space 175616K, 100% used [0x00000000e0000000,0x00000000eab80000,0x00000000eab80000)
  from space 17408K, 0% used [0x00000000ebc00000,0x00000000ebc00000,0x00000000ecd00000)
  to   space 16896K, 0% used [0x00000000eab80000,0x00000000eab80000,0x00000000ebc00000)
 ParOldGen       total 138752K, used 36255K [0x00000000a0000000, 0x00000000a8780000, 0x00000000e0000000)
  object space 138752K, 26% used [0x00000000a0000000,0x00000000a2367f98,0x00000000a8780000)
 Metaspace       used 66258K, capacity 69126K, committed 69272K, reserved 1107968K
  class space    used 9231K, capacity 9823K, committed 9896K, reserved 1048576K
Event: 18.737 GC heap after
Heap after GC invocations=16 (full 3):
 PSYoungGen      total 192512K, used 16077K [0x00000000e0000000, 0x00000000ef200000, 0x0000000100000000)
  eden space 175616K, 0% used [0x00000000e0000000,0x00000000e0000000,0x00000000eab80000)
  from space 16896K, 95% used [0x00000000eab80000,0x00000000ebb335e8,0x00000000ebc00000)
  to   space 18944K, 0% used [0x00000000edf80000,0x00000000edf80000,0x00000000ef200000)
 ParOldGen       total 138752K, used 36263K [0x00000000a0000000, 0x00000000a8780000, 0x00000000e0000000)
  object space 138752K, 26% used [0x00000000a0000000,0x00000000a2369f98,0x00000000a8780000)
 Metaspace       used 66258K, capacity 69126K, committed 69272K, reserved 1107968K
  class space    used 9231K, capacity 9823K, committed 9896K, reserved 1048576K
}
Event: 1242.540 GC heap before
{Heap before GC invocations=17 (full 3):
 PSYoungGen      total 192512K, used 191693K [0x00000000e0000000, 0x00000000ef200000, 0x0000000100000000)
  eden space 175616K, 100% used [0x00000000e0000000,0x00000000eab80000,0x00000000eab80000)
  from space 16896K, 95% used [0x00000000eab80000,0x00000000ebb335e8,0x00000000ebc00000)
  to   space 18944K, 0% used [0x00000000edf80000,0x00000000edf80000,0x00000000ef200000)
 ParOldGen       total 138752K, used 36263K [0x00000000a0000000, 0x00000000a8780000, 0x00000000e0000000)
  object space 138752K, 26% used [0x00000000a0000000,0x00000000a2369f98,0x00000000a8780000)
 Metaspace       used 72967K, capacity 76456K, committed 76568K, reserved 1116160K
  class space    used 9782K, capacity 10535K, committed 10536K, reserved 1048576K
Event: 1242.627 GC heap after
Heap after GC invocations=17 (full 3):
 PSYoungGen      total 222720K, used 18923K [0x00000000e0000000, 0x00000000ef300000, 0x0000000100000000)
  eden space 203776K, 0% used [0x00000000e0000000,0x00000000e0000000,0x00000000ec700000)
  from space 18944K, 99% used [0x00000000edf80000,0x00000000ef1faec8,0x00000000ef200000)
  to   space 22528K, 0% used [0x00000000ec700000,0x00000000ec700000,0x00000000edd00000)
 ParOldGen       total 138752K, used 39536K [0x00000000a0000000, 0x00000000a8780000, 0x00000000e0000000)
  object space 138752K, 28% used [0x00000000a0000000,0x00000000a269c088,0x00000000a8780000)
 Metaspace       used 72967K, capacity 76456K, committed 76568K, reserved 1116160K
  class space    used 9782K, capacity 10535K, committed 10536K, reserved 1048576K
}
Event: 1244.592 GC heap before
{Heap before GC invocations=18 (full 3):
 PSYoungGen      total 222720K, used 222647K [0x00000000e0000000, 0x00000000ef300000, 0x0000000100000000)
  eden space 203776K, 99% used [0x00000000e0000000,0x00000000ec6f2e20,0x00000000ec700000)
  from space 18944K, 99% used [0x00000000edf80000,0x00000000ef1faec8,0x00000000ef200000)
  to   space 22528K, 0% used [0x00000000ec700000,0x00000000ec700000,0x00000000edd00000)
 ParOldGen       total 138752K, used 39536K [0x00000000a0000000, 0x00000000a8780000, 0x00000000e0000000)
  object space 138752K, 28% used [0x00000000a0000000,0x00000000a269c088,0x00000000a8780000)
 Metaspace       used 76750K, capacity 80352K, committed 80408K, reserved 1118208K
  class space    used 10241K, capacity 11029K, committed 11048K, reserved 1048576K
Event: 1244.616 GC heap after
Heap after GC invocations=18 (full 3):
 PSYoungGen      total 226304K, used 15094K [0x00000000e0000000, 0x00000000f1500000, 0x0000000100000000)
  eden space 203776K, 0% used [0x00000000e0000000,0x00000000e0000000,0x00000000ec700000)
  from space 22528K, 67% used [0x00000000ec700000,0x00000000ed5bda40,0x00000000edd00000)
  to   space 23040K, 0% used [0x00000000efe80000,0x00000000efe80000,0x00000000f1500000)
 ParOldGen       total 138752K, used 57831K [0x00000000a0000000, 0x00000000a8780000, 0x00000000e0000000)
  object space 138752K, 41% used [0x00000000a0000000,0x00000000a3879c90,0x00000000a8780000)
 Metaspace       used 76750K, capacity 80352K, committed 80408K, reserved 1118208K
  class space    used 10241K, capacity 11029K, committed 11048K, reserved 1048576K
}
Event: 1245.684 GC heap before
{Heap before GC invocations=19 (full 3):
 PSYoungGen      total 226304K, used 218870K [0x00000000e0000000, 0x00000000f1500000, 0x0000000100000000)
  eden space 203776K, 100% used [0x00000000e0000000,0x00000000ec700000,0x00000000ec700000)
  from space 22528K, 67% used [0x00000000ec700000,0x00000000ed5bda40,0x00000000edd00000)
  to   space 23040K, 0% used [0x00000000efe80000,0x00000000efe80000,0x00000000f1500000)
 ParOldGen       total 138752K, used 57831K [0x00000000a0000000, 0x00000000a8780000, 0x00000000e0000000)
  object space 138752K, 41% used [0x00000000a0000000,0x00000000a3879c90,0x00000000a8780000)
 Metaspace       used 81588K, capacity 85452K, committed 85528K, reserved 1122304K
  class space    used 11004K, capacity 11815K, committed 11816K, reserved 1048576K
Event: 1245.736 GC heap after
Heap after GC invocations=19 (full 3):
 PSYoungGen      total 226816K, used 23036K [0x00000000e0000000, 0x00000000f1500000, 0x0000000100000000)
  eden space 203776K, 0% used [0x00000000e0000000,0x00000000e0000000,0x00000000ec700000)
  from space 23040K, 99% used [0x00000000efe80000,0x00000000f14ff1c0,0x00000000f1500000)
  to   space 22528K, 0% used [0x00000000ec700000,0x00000000ec700000,0x00000000edd00000)
 ParOldGen       total 138752K, used 106206K [0x00000000a0000000, 0x00000000a8780000, 0x00000000e0000000)
  object space 138752K, 76% used [0x00000000a0000000,0x00000000a67b7bc0,0x00000000a8780000)
 Metaspace       used 81588K, capacity 85452K, committed 85528K, reserved 1122304K
  class space    used 11004K, capacity 11815K, committed 11816K, reserved 1048576K
}

